<?xml version="1.0" encoding="UTF-8"?>
<!-- Generated by org.testng.reporters.JUnitXMLReporter -->
<testsuite hostname="AQUILA" ignored="5" name="Smoke Testcases" tests="3" failures="0" timestamp="19 Oct 2017 07:38:10 GMT" time="0.036" errors="0">
  <testcase name="UserId" time="0.008" classname="occam.datadriven.Annotations"/>
  <testcase name="UserId" time="0.002" classname="occam.datadriven.Annotations"/>
  <testcase name="UserId" time="0.0" classname="occam.datadriven.Annotations"/>
  <testcase name="FlightBooking" time="0.0" classname="occam.datadriven.Annotations">
    <ignored/>
  </testcase> <!-- FlightBooking -->
  <testcase name="Payment" time="0.0" classname="occam.datadriven.Annotations">
    <ignored/>
  </testcase> <!-- Payment -->
  <testcase name="PrintInvoice" time="0.0" classname="occam.datadriven.Annotations">
    <ignored/>
  </testcase> <!-- PrintInvoice -->
  <testcase name="Login" time="0.0" classname="occam.datadriven.Annotations">
    <ignored/>
  </testcase> <!-- Login -->
  <testcase name="OpeningBrowser" time="0.0" classname="occam.datadriven.Annotations">
    <ignored/>
  </testcase> <!-- OpeningBrowser -->
</testsuite> <!-- Smoke Testcases -->
