<?xml version="1.0" encoding="UTF-8"?>
<!-- Generated by org.testng.reporters.JUnitXMLReporter -->
<testsuite hostname="AQUILA" ignored="1" name="Smoke Testcases" tests="13" failures="0" timestamp="18 Oct 2017 22:25:58 GMT" time="0.104" errors="0">
  <testcase name="testing1" time="0.005" classname="occam.selenium2.Annotations"/>
  <testcase name="testing2" time="0.008" classname="occam.selenium2.Annotations"/>
  <testcase name="testing3" time="0.001" classname="occam.selenium2.Annotations"/>
  <testcase name="testing4" time="0.003" classname="occam.selenium2.Annotations"/>
  <testcase name="OpeningBrowser" time="0.001" classname="occam.selenium2.DependencyAnnotations"/>
  <testcase name="Login" time="0.002" classname="occam.selenium2.DependencyAnnotations"/>
  <testcase name="FlightBooking" time="0.002" classname="occam.selenium2.DependencyAnnotations"/>
  <testcase name="Payment" time="0.006" classname="occam.selenium2.DependencyAnnotations"/>
  <testcase name="TestNumber1" time="0.003" classname="occam.selenium2.TestNG"/>
  <testcase name="TestNumber2" time="0.001" classname="occam.selenium2.TestNG"/>
  <testcase name="TestNumber3" time="0.002" classname="occam.selenium2.TestNG"/>
  <testcase name="TestNumber4" time="0.002" classname="occam.selenium2.TestNG"/>
  <testcase name="TestNumber5" time="0.001" classname="occam.selenium2.TestNG"/>
  <testcase name="PrintInvoice" time="0.0" classname="occam.selenium2.DependencyAnnotations">
    <ignored/>
  </testcase> <!-- PrintInvoice -->
</testsuite> <!-- Smoke Testcases -->
