<?xml version="1.0" encoding="UTF-8"?>
<testng-results skipped="0" failed="0" ignored="0" total="1" passed="1">
  <reporter-output>
  </reporter-output>
  <suite name="Default suite" duration-ms="33" started-at="2017-10-18T06:38:05Z" finished-at="2017-10-18T06:38:05Z">
    <groups>
    </groups>
    <test name="Default test" duration-ms="33" started-at="2017-10-18T06:38:05Z" finished-at="2017-10-18T06:38:05Z">
      <class name="occam.selenium.TestNG">
        <test-method status="PASS" signature="OpenBrowser()[pri:0, instance:occam.selenium.TestNG@7921b0a2]" name="OpenBrowser" duration-ms="0" started-at="2017-10-17T23:38:05Z" finished-at="2017-10-17T23:38:05Z">
          <reporter-output>
          </reporter-output>
        </test-method> <!-- OpenBrowser -->
      </class> <!-- occam.selenium.TestNG -->
    </test> <!-- Default test -->
  </suite> <!-- Default suite -->
</testng-results>
