<?xml version="1.0" encoding="UTF-8"?>
<testng-results skipped="0" failed="0" ignored="1" total="4" passed="3">
  <reporter-output>
  </reporter-output>
  <suite name="Default suite" duration-ms="49" started-at="2017-10-18T09:39:41Z" finished-at="2017-10-18T09:39:42Z">
    <groups>
    </groups>
    <test name="Default test" duration-ms="49" started-at="2017-10-18T09:39:41Z" finished-at="2017-10-18T09:39:42Z">
      <class name="occam.selenium.DependencyAnnotations">
        <test-method status="PASS" signature="OpeningBrowser()[pri:0, instance:occam.selenium.DependencyAnnotations@7921b0a2]" name="OpeningBrowser" duration-ms="24" started-at="2017-10-18T02:39:41Z" finished-at="2017-10-18T02:39:42Z">
          <reporter-output>
          </reporter-output>
        </test-method> <!-- OpeningBrowser -->
        <test-method status="PASS" signature="Login()[pri:0, instance:occam.selenium.DependencyAnnotations@7921b0a2]" name="Login" duration-ms="2" started-at="2017-10-18T02:39:42Z" depends-on-methods="occam.selenium.DependencyAnnotations.OpeningBrowser" finished-at="2017-10-18T02:39:42Z">
          <reporter-output>
          </reporter-output>
        </test-method> <!-- Login -->
        <test-method status="PASS" signature="FlightBooking()[pri:0, instance:occam.selenium.DependencyAnnotations@7921b0a2]" name="FlightBooking" duration-ms="0" started-at="2017-10-18T02:39:42Z" depends-on-methods="occam.selenium.DependencyAnnotations.Login" finished-at="2017-10-18T02:39:42Z">
          <reporter-output>
          </reporter-output>
        </test-method> <!-- FlightBooking -->
      </class> <!-- occam.selenium.DependencyAnnotations -->
    </test> <!-- Default test -->
  </suite> <!-- Default suite -->
</testng-results>
