<?xml version="1.0" encoding="UTF-8"?>
<!-- Generated by org.testng.reporters.JUnitXMLReporter -->
<testsuite hostname="AQUILA" ignored="1" name="Default test" tests="4" failures="0" timestamp="18 Oct 2017 09:53:32 GMT" time="0.056" errors="0">
  <testcase name="OpeningBrowser" time="0.011" classname="occam.selenium.DependencyAnnotations"/>
  <testcase name="Login" time="0.002" classname="occam.selenium.DependencyAnnotations"/>
  <testcase name="FlightBooking" time="0.003" classname="occam.selenium.DependencyAnnotations"/>
  <testcase name="Payment" time="0.009" classname="occam.selenium.DependencyAnnotations"/>
  <testcase name="PrintInvoice" time="0.0" classname="occam.selenium.DependencyAnnotations">
    <ignored/>
  </testcase> <!-- PrintInvoice -->
</testsuite> <!-- Default test -->
