<?xml version="1.0" encoding="UTF-8"?>
<!-- Generated by org.testng.reporters.JUnitXMLReporter -->
<testsuite hostname="AQUILA" ignored="1" name="Default test" tests="6" failures="0" timestamp="19 Oct 2017 05:46:39 GMT" time="0.082" errors="0">
  <testcase name="OpeningBrowser" time="0.009" classname="occam.datadriven.Annotations"/>
  <testcase name="UserId" time="0.002" classname="occam.datadriven.Annotations"/>
  <testcase name="UserId" time="0.001" classname="occam.datadriven.Annotations"/>
  <testcase name="Login" time="0.002" classname="occam.datadriven.Annotations"/>
  <testcase name="FlightBooking" time="0.003" classname="occam.datadriven.Annotations"/>
  <testcase name="Payment" time="0.009" classname="occam.datadriven.Annotations"/>
  <testcase name="PrintInvoice" time="0.0" classname="occam.datadriven.Annotations">
    <ignored/>
  </testcase> <!-- PrintInvoice -->
</testsuite> <!-- Default test -->
